running egg_info
writing ../../build/imu_reader/imu_reader.egg-info/PKG-INFO
writing dependency_links to ../../build/imu_reader/imu_reader.egg-info/dependency_links.txt
writing entry points to ../../build/imu_reader/imu_reader.egg-info/entry_points.txt
writing requirements to ../../build/imu_reader/imu_reader.egg-info/requires.txt
writing top-level names to ../../build/imu_reader/imu_reader.egg-info/top_level.txt
reading manifest file '../../build/imu_reader/imu_reader.egg-info/SOURCES.txt'
writing manifest file '../../build/imu_reader/imu_reader.egg-info/SOURCES.txt'
running build
running build_py
copying imu_reader/serial_node.py -> /home/indira/ros2_ws/build/imu_reader/build/lib/imu_reader
running install
running install_lib
copying /home/indira/ros2_ws/build/imu_reader/build/lib/imu_reader/serial_node.py -> /home/indira/ros2_ws/install/imu_reader/lib/python3.10/site-packages/imu_reader
byte-compiling /home/indira/ros2_ws/install/imu_reader/lib/python3.10/site-packages/imu_reader/serial_node.py to serial_node.cpython-310.pyc
Sorry: IndentationError: expected an indented block after function definition on line 17 (serial_node.py, line 18)
running install_data
running install_egg_info
removing '/home/indira/ros2_ws/install/imu_reader/lib/python3.10/site-packages/imu_reader-0.0.0-py3.10.egg-info' (and everything under it)
Copying ../../build/imu_reader/imu_reader.egg-info to /home/indira/ros2_ws/install/imu_reader/lib/python3.10/site-packages/imu_reader-0.0.0-py3.10.egg-info
running install_scripts
Installing serial_node script to /home/indira/ros2_ws/install/imu_reader/lib/imu_reader
writing list of installed files to '/home/indira/ros2_ws/build/imu_reader/install.log'
