[0.449s] Invoking command in '/home/indira/ros2_ws/src/imu_reader': PYTHONPATH=/home/indira/ros2_ws/build/imu_reader/prefix_override:/usr/lib/python3/dist-packages/colcon_core/task/python/colcon_distutils_commands:/home/indira/ros2_ws/install/imu_reader/lib/python3.10/site-packages:${PYTHONPATH} /usr/bin/python3 -W ignore:setup.py install is deprecated -W ignore:easy_install command is deprecated setup.py egg_info --egg-base ../../build/imu_reader build --build-base /home/indira/ros2_ws/build/imu_reader/build install --record /home/indira/ros2_ws/build/imu_reader/install.log --single-version-externally-managed install_data
[0.612s] running egg_info
[0.613s] writing ../../build/imu_reader/imu_reader.egg-info/PKG-INFO
[0.613s] writing dependency_links to ../../build/imu_reader/imu_reader.egg-info/dependency_links.txt
[0.613s] writing entry points to ../../build/imu_reader/imu_reader.egg-info/entry_points.txt
[0.614s] writing requirements to ../../build/imu_reader/imu_reader.egg-info/requires.txt
[0.614s] writing top-level names to ../../build/imu_reader/imu_reader.egg-info/top_level.txt
[0.615s] reading manifest file '../../build/imu_reader/imu_reader.egg-info/SOURCES.txt'
[0.615s] writing manifest file '../../build/imu_reader/imu_reader.egg-info/SOURCES.txt'
[0.616s] running build
[0.616s] running build_py
[0.616s] copying imu_reader/serial_node.py -> /home/indira/ros2_ws/build/imu_reader/build/lib/imu_reader
[0.616s] running install
[0.616s] running install_lib
[0.617s] copying /home/indira/ros2_ws/build/imu_reader/build/lib/imu_reader/serial_node.py -> /home/indira/ros2_ws/install/imu_reader/lib/python3.10/site-packages/imu_reader
[0.618s] byte-compiling /home/indira/ros2_ws/install/imu_reader/lib/python3.10/site-packages/imu_reader/serial_node.py to serial_node.cpython-310.pyc
[0.618s] Sorry: IndentationError: expected an indented block after function definition on line 17 (serial_node.py, line 18)
[0.618s] running install_data
[0.618s] running install_egg_info
[0.620s] removing '/home/indira/ros2_ws/install/imu_reader/lib/python3.10/site-packages/imu_reader-0.0.0-py3.10.egg-info' (and everything under it)
[0.620s] Copying ../../build/imu_reader/imu_reader.egg-info to /home/indira/ros2_ws/install/imu_reader/lib/python3.10/site-packages/imu_reader-0.0.0-py3.10.egg-info
[0.621s] running install_scripts
[0.637s] Installing serial_node script to /home/indira/ros2_ws/install/imu_reader/lib/imu_reader
[0.637s] writing list of installed files to '/home/indira/ros2_ws/build/imu_reader/install.log'
[0.654s] Invoked command in '/home/indira/ros2_ws/src/imu_reader' returned '0': PYTHONPATH=/home/indira/ros2_ws/build/imu_reader/prefix_override:/usr/lib/python3/dist-packages/colcon_core/task/python/colcon_distutils_commands:/home/indira/ros2_ws/install/imu_reader/lib/python3.10/site-packages:${PYTHONPATH} /usr/bin/python3 -W ignore:setup.py install is deprecated -W ignore:easy_install command is deprecated setup.py egg_info --egg-base ../../build/imu_reader build --build-base /home/indira/ros2_ws/build/imu_reader/build install --record /home/indira/ros2_ws/build/imu_reader/install.log --single-version-externally-managed install_data
