[0.744s] Invoking command in '/home/indira/ros2_ws/src/imu_reader': PYTHONPATH=/home/indira/ros2_ws/build/imu_reader/prefix_override:/usr/lib/python3/dist-packages/colcon_core/task/python/colcon_distutils_commands:/home/indira/ros2_ws/install/imu_reader/lib/python3.10/site-packages:${PYTHONPATH} /usr/bin/python3 -W ignore:setup.py install is deprecated -W ignore:easy_install command is deprecated setup.py egg_info --egg-base ../../build/imu_reader build --build-base /home/indira/ros2_ws/build/imu_reader/build install --record /home/indira/ros2_ws/build/imu_reader/install.log --single-version-externally-managed install_data
[0.955s] running egg_info
[0.956s] writing ../../build/imu_reader/imu_reader.egg-info/PKG-INFO
[0.959s] writing dependency_links to ../../build/imu_reader/imu_reader.egg-info/dependency_links.txt
[0.960s] writing entry points to ../../build/imu_reader/imu_reader.egg-info/entry_points.txt
[0.960s] writing requirements to ../../build/imu_reader/imu_reader.egg-info/requires.txt
[0.961s] writing top-level names to ../../build/imu_reader/imu_reader.egg-info/top_level.txt
[0.963s] reading manifest file '../../build/imu_reader/imu_reader.egg-info/SOURCES.txt'
[0.965s] writing manifest file '../../build/imu_reader/imu_reader.egg-info/SOURCES.txt'
[0.966s] running build
[0.966s] running build_py
[0.966s] running install
[0.966s] running install_lib
[0.968s] running install_data
[0.969s] running install_egg_info
[0.971s] removing '/home/indira/ros2_ws/install/imu_reader/lib/python3.10/site-packages/imu_reader-0.0.0-py3.10.egg-info' (and everything under it)
[0.972s] Copying ../../build/imu_reader/imu_reader.egg-info to /home/indira/ros2_ws/install/imu_reader/lib/python3.10/site-packages/imu_reader-0.0.0-py3.10.egg-info
[0.974s] running install_scripts
[0.999s] Installing serial_node script to /home/indira/ros2_ws/install/imu_reader/lib/imu_reader
[1.002s] writing list of installed files to '/home/indira/ros2_ws/build/imu_reader/install.log'
[1.033s] Invoked command in '/home/indira/ros2_ws/src/imu_reader' returned '0': PYTHONPATH=/home/indira/ros2_ws/build/imu_reader/prefix_override:/usr/lib/python3/dist-packages/colcon_core/task/python/colcon_distutils_commands:/home/indira/ros2_ws/install/imu_reader/lib/python3.10/site-packages:${PYTHONPATH} /usr/bin/python3 -W ignore:setup.py install is deprecated -W ignore:easy_install command is deprecated setup.py egg_info --egg-base ../../build/imu_reader build --build-base /home/indira/ros2_ws/build/imu_reader/build install --record /home/indira/ros2_ws/build/imu_reader/install.log --single-version-externally-managed install_data
