[0.538s] Invoking command in '/home/indira/ros2_ws/src/imu_reader': PYTHONPATH=/home/indira/ros2_ws/build/imu_reader/prefix_override:/usr/lib/python3/dist-packages/colcon_core/task/python/colcon_distutils_commands:/home/indira/ros2_ws/install/imu_reader/lib/python3.10/site-packages:${PYTHONPATH} /usr/bin/python3 -W ignore:setup.py install is deprecated -W ignore:easy_install command is deprecated setup.py egg_info --egg-base ../../build/imu_reader build --build-base /home/indira/ros2_ws/build/imu_reader/build install --record /home/indira/ros2_ws/build/imu_reader/install.log --single-version-externally-managed install_data
[0.706s] running egg_info
[0.707s] writing ../../build/imu_reader/imu_reader.egg-info/PKG-INFO
[0.707s] writing dependency_links to ../../build/imu_reader/imu_reader.egg-info/dependency_links.txt
[0.708s] writing entry points to ../../build/imu_reader/imu_reader.egg-info/entry_points.txt
[0.708s] writing requirements to ../../build/imu_reader/imu_reader.egg-info/requires.txt
[0.708s] writing top-level names to ../../build/imu_reader/imu_reader.egg-info/top_level.txt
[0.710s] reading manifest file '../../build/imu_reader/imu_reader.egg-info/SOURCES.txt'
[0.712s] writing manifest file '../../build/imu_reader/imu_reader.egg-info/SOURCES.txt'
[0.712s] running build
[0.712s] running build_py
[0.712s] copying imu_reader/serial_node.py -> /home/indira/ros2_ws/build/imu_reader/build/lib/imu_reader
[0.713s] running install
[0.713s] running install_lib
[0.714s] copying /home/indira/ros2_ws/build/imu_reader/build/lib/imu_reader/serial_node.py -> /home/indira/ros2_ws/install/imu_reader/lib/python3.10/site-packages/imu_reader
[0.715s] byte-compiling /home/indira/ros2_ws/install/imu_reader/lib/python3.10/site-packages/imu_reader/serial_node.py to serial_node.cpython-310.pyc
[0.715s] Sorry: IndentationError: unexpected indent (serial_node.py, line 71)
[0.715s] running install_data
[0.716s] running install_egg_info
[0.717s] removing '/home/indira/ros2_ws/install/imu_reader/lib/python3.10/site-packages/imu_reader-0.0.0-py3.10.egg-info' (and everything under it)
[0.717s] Copying ../../build/imu_reader/imu_reader.egg-info to /home/indira/ros2_ws/install/imu_reader/lib/python3.10/site-packages/imu_reader-0.0.0-py3.10.egg-info
[0.718s] running install_scripts
[0.735s] Installing serial_node script to /home/indira/ros2_ws/install/imu_reader/lib/imu_reader
[0.735s] writing list of installed files to '/home/indira/ros2_ws/build/imu_reader/install.log'
[0.752s] Invoked command in '/home/indira/ros2_ws/src/imu_reader' returned '0': PYTHONPATH=/home/indira/ros2_ws/build/imu_reader/prefix_override:/usr/lib/python3/dist-packages/colcon_core/task/python/colcon_distutils_commands:/home/indira/ros2_ws/install/imu_reader/lib/python3.10/site-packages:${PYTHONPATH} /usr/bin/python3 -W ignore:setup.py install is deprecated -W ignore:easy_install command is deprecated setup.py egg_info --egg-base ../../build/imu_reader build --build-base /home/indira/ros2_ws/build/imu_reader/build install --record /home/indira/ros2_ws/build/imu_reader/install.log --single-version-externally-managed install_data
