running egg_info
writing ../../build/imu_reader/imu_reader.egg-info/PKG-INFO
writing dependency_links to ../../build/imu_reader/imu_reader.egg-info/dependency_links.txt
writing entry points to ../../build/imu_reader/imu_reader.egg-info/entry_points.txt
writing requirements to ../../build/imu_reader/imu_reader.egg-info/requires.txt
writing top-level names to ../../build/imu_reader/imu_reader.egg-info/top_level.txt
reading manifest file '../../build/imu_reader/imu_reader.egg-info/SOURCES.txt'
writing manifest file '../../build/imu_reader/imu_reader.egg-info/SOURCES.txt'
running build
running build_py
running install
running install_lib
running install_data
running install_egg_info
removing '/home/indira/ros2_ws/install/imu_reader/lib/python3.10/site-packages/imu_reader-0.0.0-py3.10.egg-info' (and everything under it)
Copying ../../build/imu_reader/imu_reader.egg-info to /home/indira/ros2_ws/install/imu_reader/lib/python3.10/site-packages/imu_reader-0.0.0-py3.10.egg-info
running install_scripts
Installing better_subscriber script to /home/indira/ros2_ws/install/imu_reader/lib/imu_reader
Installing serial_node script to /home/indira/ros2_ws/install/imu_reader/lib/imu_reader
Installing subscriber_node script to /home/indira/ros2_ws/install/imu_reader/lib/imu_reader
writing list of installed files to '/home/indira/ros2_ws/build/imu_reader/install.log'
