[0.124s] DEBUG:colcon:Command line arguments: ['/usr/bin/colcon', 'build', '--symlink-install']
[0.124s] DEBUG:colcon:Parsed command line arguments: Namespace(log_base=None, log_level=None, verb_name='build', build_base='build', install_base='install', merge_install=False, symlink_install=True, test_result_base=None, continue_on_error=False, executor='parallel', parallel_workers=20, event_handlers=None, ignore_user_meta=False, metas=['./colcon.meta'], base_paths=['.'], packages_ignore=None, packages_ignore_regex=None, paths=None, packages_up_to=None, packages_up_to_regex=None, packages_above=None, packages_above_and_dependencies=None, packages_above_depth=None, packages_select_by_dep=None, packages_skip_by_dep=None, packages_skip_up_to=None, packages_select_build_failed=False, packages_skip_build_finished=False, packages_select_test_failures=False, packages_skip_test_passed=False, packages_select=None, packages_skip=None, packages_select_regex=None, packages_skip_regex=None, packages_start=None, packages_end=None, allow_overriding=[], cmake_args=None, cmake_target=None, cmake_target_skip_unavailable=False, cmake_clean_cache=False, cmake_clean_first=False, cmake_force_configure=False, ament_cmake_args=None, catkin_cmake_args=None, catkin_skip_building_tests=False, verb_parser=<colcon_defaults.argument_parser.defaults.DefaultArgumentsDecorator object at 0x72fc64d64040>, verb_extension=<colcon_core.verb.build.BuildVerb object at 0x72fc64ec8ca0>, main=<bound method BuildVerb.main of <colcon_core.verb.build.BuildVerb object at 0x72fc64ec8ca0>>)
[0.240s] Level 1:colcon.colcon_core.package_discovery:discover_packages(colcon_meta) check parameters
[0.240s] Level 1:colcon.colcon_core.package_discovery:discover_packages(recursive) check parameters
[0.240s] Level 1:colcon.colcon_core.package_discovery:discover_packages(ignore) check parameters
[0.240s] Level 1:colcon.colcon_core.package_discovery:discover_packages(path) check parameters
[0.240s] Level 1:colcon.colcon_core.package_discovery:discover_packages(colcon_meta) discover
[0.240s] Level 1:colcon.colcon_core.package_discovery:discover_packages(recursive) discover
[0.240s] INFO:colcon.colcon_core.package_discovery:Crawling recursively for packages in '/home/indira/ros2_ws'
[0.240s] Level 1:colcon.colcon_core.package_identification:_identify(.) by extensions ['ignore', 'ignore_ament_install']
[0.240s] Level 1:colcon.colcon_core.package_identification:_identify(.) by extension 'ignore'
[0.240s] Level 1:colcon.colcon_core.package_identification:_identify(.) by extension 'ignore_ament_install'
[0.241s] Level 1:colcon.colcon_core.package_identification:_identify(.) by extensions ['colcon_pkg']
[0.241s] Level 1:colcon.colcon_core.package_identification:_identify(.) by extension 'colcon_pkg'
[0.241s] Level 1:colcon.colcon_core.package_identification:_identify(.) by extensions ['colcon_meta']
[0.241s] Level 1:colcon.colcon_core.package_identification:_identify(.) by extension 'colcon_meta'
[0.241s] Level 1:colcon.colcon_core.package_identification:_identify(.) by extensions ['ros']
[0.241s] Level 1:colcon.colcon_core.package_identification:_identify(.) by extension 'ros'
[0.250s] Level 1:colcon.colcon_core.package_identification:_identify(.) by extensions ['cmake', 'python']
[0.250s] Level 1:colcon.colcon_core.package_identification:_identify(.) by extension 'cmake'
[0.250s] Level 1:colcon.colcon_core.package_identification:_identify(.) by extension 'python'
[0.250s] Level 1:colcon.colcon_core.package_identification:_identify(.) by extensions ['python_setup_py']
[0.250s] Level 1:colcon.colcon_core.package_identification:_identify(.) by extension 'python_setup_py'
[0.250s] Level 1:colcon.colcon_core.package_identification:_identify(build) by extensions ['ignore', 'ignore_ament_install']
[0.250s] Level 1:colcon.colcon_core.package_identification:_identify(build) by extension 'ignore'
[0.250s] Level 1:colcon.colcon_core.package_identification:_identify(build) ignored
[0.251s] Level 1:colcon.colcon_core.package_identification:_identify(install) by extensions ['ignore', 'ignore_ament_install']
[0.251s] Level 1:colcon.colcon_core.package_identification:_identify(install) by extension 'ignore'
[0.251s] Level 1:colcon.colcon_core.package_identification:_identify(install) ignored
[0.251s] Level 1:colcon.colcon_core.package_identification:_identify(log) by extensions ['ignore', 'ignore_ament_install']
[0.251s] Level 1:colcon.colcon_core.package_identification:_identify(log) by extension 'ignore'
[0.251s] Level 1:colcon.colcon_core.package_identification:_identify(log) ignored
[0.251s] Level 1:colcon.colcon_core.package_identification:_identify(src) by extensions ['ignore', 'ignore_ament_install']
[0.251s] Level 1:colcon.colcon_core.package_identification:_identify(src) by extension 'ignore'
[0.251s] Level 1:colcon.colcon_core.package_identification:_identify(src) by extension 'ignore_ament_install'
[0.251s] Level 1:colcon.colcon_core.package_identification:_identify(src) by extensions ['colcon_pkg']
[0.251s] Level 1:colcon.colcon_core.package_identification:_identify(src) by extension 'colcon_pkg'
[0.251s] Level 1:colcon.colcon_core.package_identification:_identify(src) by extensions ['colcon_meta']
[0.251s] Level 1:colcon.colcon_core.package_identification:_identify(src) by extension 'colcon_meta'
[0.251s] Level 1:colcon.colcon_core.package_identification:_identify(src) by extensions ['ros']
[0.251s] Level 1:colcon.colcon_core.package_identification:_identify(src) by extension 'ros'
[0.251s] Level 1:colcon.colcon_core.package_identification:_identify(src) by extensions ['cmake', 'python']
[0.251s] Level 1:colcon.colcon_core.package_identification:_identify(src) by extension 'cmake'
[0.251s] Level 1:colcon.colcon_core.package_identification:_identify(src) by extension 'python'
[0.251s] Level 1:colcon.colcon_core.package_identification:_identify(src) by extensions ['python_setup_py']
[0.251s] Level 1:colcon.colcon_core.package_identification:_identify(src) by extension 'python_setup_py'
[0.251s] Level 1:colcon.colcon_core.package_identification:_identify(src/imu_reader) by extensions ['ignore', 'ignore_ament_install']
[0.252s] Level 1:colcon.colcon_core.package_identification:_identify(src/imu_reader) by extension 'ignore'
[0.252s] Level 1:colcon.colcon_core.package_identification:_identify(src/imu_reader) by extension 'ignore_ament_install'
[0.252s] Level 1:colcon.colcon_core.package_identification:_identify(src/imu_reader) by extensions ['colcon_pkg']
[0.252s] Level 1:colcon.colcon_core.package_identification:_identify(src/imu_reader) by extension 'colcon_pkg'
[0.252s] Level 1:colcon.colcon_core.package_identification:_identify(src/imu_reader) by extensions ['colcon_meta']
[0.252s] Level 1:colcon.colcon_core.package_identification:_identify(src/imu_reader) by extension 'colcon_meta'
[0.252s] Level 1:colcon.colcon_core.package_identification:_identify(src/imu_reader) by extensions ['ros']
[0.252s] Level 1:colcon.colcon_core.package_identification:_identify(src/imu_reader) by extension 'ros'
[0.254s] DEBUG:colcon.colcon_core.package_identification:Package 'src/imu_reader' with type 'ros.ament_python' and name 'imu_reader'
[0.254s] Level 1:colcon.colcon_core.package_identification:_identify(src/imu_serial_reader) by extensions ['ignore', 'ignore_ament_install']
[0.254s] Level 1:colcon.colcon_core.package_identification:_identify(src/imu_serial_reader) by extension 'ignore'
[0.254s] Level 1:colcon.colcon_core.package_identification:_identify(src/imu_serial_reader) by extension 'ignore_ament_install'
[0.254s] Level 1:colcon.colcon_core.package_identification:_identify(src/imu_serial_reader) by extensions ['colcon_pkg']
[0.254s] Level 1:colcon.colcon_core.package_identification:_identify(src/imu_serial_reader) by extension 'colcon_pkg'
[0.254s] Level 1:colcon.colcon_core.package_identification:_identify(src/imu_serial_reader) by extensions ['colcon_meta']
[0.254s] Level 1:colcon.colcon_core.package_identification:_identify(src/imu_serial_reader) by extension 'colcon_meta'
[0.254s] Level 1:colcon.colcon_core.package_identification:_identify(src/imu_serial_reader) by extensions ['ros']
[0.254s] Level 1:colcon.colcon_core.package_identification:_identify(src/imu_serial_reader) by extension 'ros'
[0.254s] DEBUG:colcon.colcon_core.package_identification:Package 'src/imu_serial_reader' with type 'ros.ament_python' and name 'imu_serial_reader'
[0.255s] Level 1:colcon.colcon_core.package_discovery:discover_packages(recursive) using defaults
[0.255s] Level 1:colcon.colcon_core.package_discovery:discover_packages(ignore) discover
[0.255s] Level 1:colcon.colcon_core.package_discovery:discover_packages(ignore) using defaults
[0.255s] Level 1:colcon.colcon_core.package_discovery:discover_packages(path) discover
[0.255s] Level 1:colcon.colcon_core.package_discovery:discover_packages(path) using defaults
[0.279s] Level 1:colcon.colcon_core.package_discovery:discover_packages(prefix_path) check parameters
[0.279s] Level 1:colcon.colcon_core.package_discovery:discover_packages(prefix_path) discover
[0.280s] DEBUG:colcon.colcon_installed_package_information.package_discovery:Found 2 installed packages in /home/indira/ros2_ws/install
[0.281s] DEBUG:colcon.colcon_installed_package_information.package_discovery:Found 1 installed packages in /home/indira/micro-ROS-Agent/install
[0.281s] DEBUG:colcon.colcon_installed_package_information.package_discovery:Found 273 installed packages in /opt/ros/humble
[0.282s] Level 1:colcon.colcon_core.package_discovery:discover_packages(prefix_path) using defaults
[0.308s] Level 5:colcon.colcon_core.verb:set package 'imu_reader' build argument 'cmake_args' from command line to 'None'
[0.308s] Level 5:colcon.colcon_core.verb:set package 'imu_reader' build argument 'cmake_target' from command line to 'None'
[0.308s] Level 5:colcon.colcon_core.verb:set package 'imu_reader' build argument 'cmake_target_skip_unavailable' from command line to 'False'
[0.308s] Level 5:colcon.colcon_core.verb:set package 'imu_reader' build argument 'cmake_clean_cache' from command line to 'False'
[0.308s] Level 5:colcon.colcon_core.verb:set package 'imu_reader' build argument 'cmake_clean_first' from command line to 'False'
[0.308s] Level 5:colcon.colcon_core.verb:set package 'imu_reader' build argument 'cmake_force_configure' from command line to 'False'
[0.308s] Level 5:colcon.colcon_core.verb:set package 'imu_reader' build argument 'ament_cmake_args' from command line to 'None'
[0.308s] Level 5:colcon.colcon_core.verb:set package 'imu_reader' build argument 'catkin_cmake_args' from command line to 'None'
[0.308s] Level 5:colcon.colcon_core.verb:set package 'imu_reader' build argument 'catkin_skip_building_tests' from command line to 'False'
[0.308s] DEBUG:colcon.colcon_core.verb:Building package 'imu_reader' with the following arguments: {'ament_cmake_args': None, 'build_base': '/home/indira/ros2_ws/build/imu_reader', 'catkin_cmake_args': None, 'catkin_skip_building_tests': False, 'cmake_args': None, 'cmake_clean_cache': False, 'cmake_clean_first': False, 'cmake_force_configure': False, 'cmake_target': None, 'cmake_target_skip_unavailable': False, 'install_base': '/home/indira/ros2_ws/install/imu_reader', 'merge_install': False, 'path': '/home/indira/ros2_ws/src/imu_reader', 'symlink_install': True, 'test_result_base': None}
[0.309s] Level 5:colcon.colcon_core.verb:set package 'imu_serial_reader' build argument 'cmake_args' from command line to 'None'
[0.309s] Level 5:colcon.colcon_core.verb:set package 'imu_serial_reader' build argument 'cmake_target' from command line to 'None'
[0.309s] Level 5:colcon.colcon_core.verb:set package 'imu_serial_reader' build argument 'cmake_target_skip_unavailable' from command line to 'False'
[0.309s] Level 5:colcon.colcon_core.verb:set package 'imu_serial_reader' build argument 'cmake_clean_cache' from command line to 'False'
[0.309s] Level 5:colcon.colcon_core.verb:set package 'imu_serial_reader' build argument 'cmake_clean_first' from command line to 'False'
[0.309s] Level 5:colcon.colcon_core.verb:set package 'imu_serial_reader' build argument 'cmake_force_configure' from command line to 'False'
[0.309s] Level 5:colcon.colcon_core.verb:set package 'imu_serial_reader' build argument 'ament_cmake_args' from command line to 'None'
[0.309s] Level 5:colcon.colcon_core.verb:set package 'imu_serial_reader' build argument 'catkin_cmake_args' from command line to 'None'
[0.309s] Level 5:colcon.colcon_core.verb:set package 'imu_serial_reader' build argument 'catkin_skip_building_tests' from command line to 'False'
[0.309s] DEBUG:colcon.colcon_core.verb:Building package 'imu_serial_reader' with the following arguments: {'ament_cmake_args': None, 'build_base': '/home/indira/ros2_ws/build/imu_serial_reader', 'catkin_cmake_args': None, 'catkin_skip_building_tests': False, 'cmake_args': None, 'cmake_clean_cache': False, 'cmake_clean_first': False, 'cmake_force_configure': False, 'cmake_target': None, 'cmake_target_skip_unavailable': False, 'install_base': '/home/indira/ros2_ws/install/imu_serial_reader', 'merge_install': False, 'path': '/home/indira/ros2_ws/src/imu_serial_reader', 'symlink_install': True, 'test_result_base': None}
[0.309s] INFO:colcon.colcon_core.executor:Executing jobs using 'parallel' executor
[0.310s] DEBUG:colcon.colcon_parallel_executor.executor.parallel:run_until_complete
[0.310s] INFO:colcon.colcon_ros.task.ament_python.build:Building ROS package in '/home/indira/ros2_ws/src/imu_reader' with build type 'ament_python'
[0.310s] Level 1:colcon.colcon_core.shell:create_environment_hook('imu_reader', 'ament_prefix_path')
[0.312s] INFO:colcon.colcon_core.plugin_system:Skipping extension 'colcon_core.shell.bat': Not used on non-Windows systems
[0.312s] INFO:colcon.colcon_core.shell:Creating environment hook '/home/indira/ros2_ws/install/imu_reader/share/imu_reader/hook/ament_prefix_path.ps1'
[0.313s] INFO:colcon.colcon_core.shell:Creating environment descriptor '/home/indira/ros2_ws/install/imu_reader/share/imu_reader/hook/ament_prefix_path.dsv'
[0.313s] INFO:colcon.colcon_core.shell:Creating environment hook '/home/indira/ros2_ws/install/imu_reader/share/imu_reader/hook/ament_prefix_path.sh'
[0.314s] INFO:colcon.colcon_core.shell:Skip shell extension 'powershell' for command environment: Not usable outside of PowerShell
[0.314s] DEBUG:colcon.colcon_core.shell:Skip shell extension 'dsv' for command environment
[0.318s] INFO:colcon.colcon_ros.task.ament_python.build:Building ROS package in '/home/indira/ros2_ws/src/imu_serial_reader' with build type 'ament_python'
[0.318s] Level 1:colcon.colcon_core.shell:create_environment_hook('imu_serial_reader', 'ament_prefix_path')
[0.318s] INFO:colcon.colcon_core.shell:Creating environment hook '/home/indira/ros2_ws/install/imu_serial_reader/share/imu_serial_reader/hook/ament_prefix_path.ps1'
[0.320s] INFO:colcon.colcon_core.shell:Creating environment descriptor '/home/indira/ros2_ws/install/imu_serial_reader/share/imu_serial_reader/hook/ament_prefix_path.dsv'
[0.321s] INFO:colcon.colcon_core.shell:Creating environment hook '/home/indira/ros2_ws/install/imu_serial_reader/share/imu_serial_reader/hook/ament_prefix_path.sh'
[0.321s] INFO:colcon.colcon_core.shell:Skip shell extension 'powershell' for command environment: Not usable outside of PowerShell
[0.321s] DEBUG:colcon.colcon_core.shell:Skip shell extension 'dsv' for command environment
[0.515s] INFO:colcon.colcon_core.task.python.build:Building Python package in '/home/indira/ros2_ws/src/imu_reader'
[0.516s] INFO:colcon.colcon_core.shell:Skip shell extension 'powershell' for command environment: Not usable outside of PowerShell
[0.516s] DEBUG:colcon.colcon_core.shell:Skip shell extension 'dsv' for command environment
[0.705s] INFO:colcon.colcon_core.task.python.build:Building Python package in '/home/indira/ros2_ws/src/imu_serial_reader'
[0.705s] INFO:colcon.colcon_core.shell:Skip shell extension 'powershell' for command environment: Not usable outside of PowerShell
[0.705s] DEBUG:colcon.colcon_core.shell:Skip shell extension 'dsv' for command environment
[0.973s] DEBUG:colcon.colcon_core.event_handler.log_command:Invoking command in '/home/indira/ros2_ws/build/imu_reader': PYTHONPATH=/home/indira/ros2_ws/build/imu_reader/prefix_override:/usr/lib/python3/dist-packages/colcon_core/task/python/colcon_distutils_commands:/home/indira/ros2_ws/install/imu_reader/lib/python3.10/site-packages:${PYTHONPATH} /usr/bin/python3 -W ignore:setup.py install is deprecated -W ignore:easy_install command is deprecated setup.py develop --editable --build-directory /home/indira/ros2_ws/build/imu_reader/build --no-deps symlink_data
[0.977s] DEBUG:colcon.colcon_core.event_handler.log_command:Invoking command in '/home/indira/ros2_ws/build/imu_serial_reader': PYTHONPATH=/home/indira/ros2_ws/build/imu_serial_reader/prefix_override:/usr/lib/python3/dist-packages/colcon_core/task/python/colcon_distutils_commands:/home/indira/ros2_ws/install/imu_serial_reader/lib/python3.10/site-packages:${PYTHONPATH} /usr/bin/python3 -W ignore:setup.py install is deprecated -W ignore:easy_install command is deprecated setup.py develop --editable --build-directory /home/indira/ros2_ws/build/imu_serial_reader/build --no-deps symlink_data
[1.294s] Level 1:colcon.colcon_core.shell:create_environment_hook('imu_reader', 'pythonpath_develop')
[1.294s] INFO:colcon.colcon_core.shell:Creating environment hook '/home/indira/ros2_ws/build/imu_reader/share/imu_reader/hook/pythonpath_develop.ps1'
[1.295s] DEBUG:colcon.colcon_core.event_handler.log_command:Invoked command in '/home/indira/ros2_ws/build/imu_reader' returned '0': PYTHONPATH=/home/indira/ros2_ws/build/imu_reader/prefix_override:/usr/lib/python3/dist-packages/colcon_core/task/python/colcon_distutils_commands:/home/indira/ros2_ws/install/imu_reader/lib/python3.10/site-packages:${PYTHONPATH} /usr/bin/python3 -W ignore:setup.py install is deprecated -W ignore:easy_install command is deprecated setup.py develop --editable --build-directory /home/indira/ros2_ws/build/imu_reader/build --no-deps symlink_data
[1.295s] INFO:colcon.colcon_core.shell:Creating environment descriptor '/home/indira/ros2_ws/build/imu_reader/share/imu_reader/hook/pythonpath_develop.dsv'
[1.295s] INFO:colcon.colcon_core.shell:Creating environment hook '/home/indira/ros2_ws/build/imu_reader/share/imu_reader/hook/pythonpath_develop.sh'
[1.297s] Level 1:colcon.colcon_core.environment:checking '/home/indira/ros2_ws/install/imu_reader' for CMake module files
[1.298s] Level 1:colcon.colcon_core.environment:checking '/home/indira/ros2_ws/install/imu_reader' for CMake config files
[1.298s] Level 1:colcon.colcon_core.environment:checking '/home/indira/ros2_ws/install/imu_reader/lib'
[1.298s] Level 1:colcon.colcon_core.environment:checking '/home/indira/ros2_ws/install/imu_reader/bin'
[1.298s] Level 1:colcon.colcon_core.environment:checking '/home/indira/ros2_ws/install/imu_reader/lib/pkgconfig/imu_reader.pc'
[1.299s] Level 1:colcon.colcon_core.environment:checking '/home/indira/ros2_ws/install/imu_reader/lib/python3.10/site-packages'
[1.299s] Level 1:colcon.colcon_core.shell:create_environment_hook('imu_reader', 'pythonpath')
[1.299s] INFO:colcon.colcon_core.shell:Creating environment hook '/home/indira/ros2_ws/install/imu_reader/share/imu_reader/hook/pythonpath.ps1'
[1.299s] INFO:colcon.colcon_core.shell:Creating environment descriptor '/home/indira/ros2_ws/install/imu_reader/share/imu_reader/hook/pythonpath.dsv'
[1.299s] INFO:colcon.colcon_core.shell:Creating environment hook '/home/indira/ros2_ws/install/imu_reader/share/imu_reader/hook/pythonpath.sh'
[1.300s] Level 1:colcon.colcon_core.environment:checking '/home/indira/ros2_ws/install/imu_reader/bin'
[1.300s] Level 1:colcon.colcon_core.environment:create_environment_scripts_only(imu_reader)
[1.300s] INFO:colcon.colcon_core.shell:Creating package script '/home/indira/ros2_ws/install/imu_reader/share/imu_reader/package.ps1'
[1.301s] INFO:colcon.colcon_core.shell:Creating package descriptor '/home/indira/ros2_ws/install/imu_reader/share/imu_reader/package.dsv'
[1.301s] INFO:colcon.colcon_core.shell:Creating package script '/home/indira/ros2_ws/install/imu_reader/share/imu_reader/package.sh'
[1.301s] INFO:colcon.colcon_core.shell:Creating package script '/home/indira/ros2_ws/install/imu_reader/share/imu_reader/package.bash'
[1.302s] INFO:colcon.colcon_core.shell:Creating package script '/home/indira/ros2_ws/install/imu_reader/share/imu_reader/package.zsh'
[1.302s] Level 1:colcon.colcon_core.environment:create_file_with_runtime_dependencies(/home/indira/ros2_ws/install/imu_reader/share/colcon-core/packages/imu_reader)
[1.304s] Level 1:colcon.colcon_core.shell:create_environment_hook('imu_serial_reader', 'pythonpath_develop')
[1.304s] DEBUG:colcon.colcon_core.event_handler.log_command:Invoked command in '/home/indira/ros2_ws/build/imu_serial_reader' returned '0': PYTHONPATH=/home/indira/ros2_ws/build/imu_serial_reader/prefix_override:/usr/lib/python3/dist-packages/colcon_core/task/python/colcon_distutils_commands:/home/indira/ros2_ws/install/imu_serial_reader/lib/python3.10/site-packages:${PYTHONPATH} /usr/bin/python3 -W ignore:setup.py install is deprecated -W ignore:easy_install command is deprecated setup.py develop --editable --build-directory /home/indira/ros2_ws/build/imu_serial_reader/build --no-deps symlink_data
[1.305s] INFO:colcon.colcon_core.shell:Creating environment hook '/home/indira/ros2_ws/build/imu_serial_reader/share/imu_serial_reader/hook/pythonpath_develop.ps1'
[1.305s] INFO:colcon.colcon_core.shell:Creating environment descriptor '/home/indira/ros2_ws/build/imu_serial_reader/share/imu_serial_reader/hook/pythonpath_develop.dsv'
[1.306s] INFO:colcon.colcon_core.shell:Creating environment hook '/home/indira/ros2_ws/build/imu_serial_reader/share/imu_serial_reader/hook/pythonpath_develop.sh'
[1.306s] Level 1:colcon.colcon_core.environment:checking '/home/indira/ros2_ws/install/imu_serial_reader' for CMake module files
[1.306s] Level 1:colcon.colcon_core.environment:checking '/home/indira/ros2_ws/install/imu_serial_reader' for CMake config files
[1.307s] Level 1:colcon.colcon_core.environment:checking '/home/indira/ros2_ws/install/imu_serial_reader/lib'
[1.307s] Level 1:colcon.colcon_core.environment:checking '/home/indira/ros2_ws/install/imu_serial_reader/bin'
[1.307s] Level 1:colcon.colcon_core.environment:checking '/home/indira/ros2_ws/install/imu_serial_reader/lib/pkgconfig/imu_serial_reader.pc'
[1.307s] Level 1:colcon.colcon_core.environment:checking '/home/indira/ros2_ws/install/imu_serial_reader/lib/python3.10/site-packages'
[1.307s] Level 1:colcon.colcon_core.shell:create_environment_hook('imu_serial_reader', 'pythonpath')
[1.307s] INFO:colcon.colcon_core.shell:Creating environment hook '/home/indira/ros2_ws/install/imu_serial_reader/share/imu_serial_reader/hook/pythonpath.ps1'
[1.308s] INFO:colcon.colcon_core.shell:Creating environment descriptor '/home/indira/ros2_ws/install/imu_serial_reader/share/imu_serial_reader/hook/pythonpath.dsv'
[1.308s] INFO:colcon.colcon_core.shell:Creating environment hook '/home/indira/ros2_ws/install/imu_serial_reader/share/imu_serial_reader/hook/pythonpath.sh'
[1.308s] Level 1:colcon.colcon_core.environment:checking '/home/indira/ros2_ws/install/imu_serial_reader/bin'
[1.308s] Level 1:colcon.colcon_core.environment:create_environment_scripts_only(imu_serial_reader)
[1.308s] INFO:colcon.colcon_core.shell:Creating package script '/home/indira/ros2_ws/install/imu_serial_reader/share/imu_serial_reader/package.ps1'
[1.309s] INFO:colcon.colcon_core.shell:Creating package descriptor '/home/indira/ros2_ws/install/imu_serial_reader/share/imu_serial_reader/package.dsv'
[1.309s] INFO:colcon.colcon_core.shell:Creating package script '/home/indira/ros2_ws/install/imu_serial_reader/share/imu_serial_reader/package.sh'
[1.309s] INFO:colcon.colcon_core.shell:Creating package script '/home/indira/ros2_ws/install/imu_serial_reader/share/imu_serial_reader/package.bash'
[1.310s] INFO:colcon.colcon_core.shell:Creating package script '/home/indira/ros2_ws/install/imu_serial_reader/share/imu_serial_reader/package.zsh'
[1.310s] Level 1:colcon.colcon_core.environment:create_file_with_runtime_dependencies(/home/indira/ros2_ws/install/imu_serial_reader/share/colcon-core/packages/imu_serial_reader)
[1.310s] DEBUG:colcon.colcon_parallel_executor.executor.parallel:closing loop
[1.311s] DEBUG:colcon.colcon_parallel_executor.executor.parallel:loop closed
[1.311s] DEBUG:colcon.colcon_parallel_executor.executor.parallel:run_until_complete finished with '0'
[1.312s] DEBUG:colcon.colcon_core.event_reactor:joining thread
[1.334s] INFO:colcon.colcon_core.plugin_system:Skipping extension 'colcon_notification.desktop_notification.notify_send': Could not find 'notify-send'
[1.334s] INFO:colcon.colcon_core.plugin_system:Skipping extension 'colcon_notification.desktop_notification.terminal_notifier': Not used on non-Darwin systems
[1.334s] INFO:colcon.colcon_core.plugin_system:Skipping extension 'colcon_notification.desktop_notification.win32': Not used on non-Windows systems
[1.334s] INFO:colcon.colcon_notification.desktop_notification:Sending desktop notification using 'notify2'
[1.334s] DEBUG:colcon.colcon_notification.desktop_notification.notify2:Failed to initialize notify2: org.freedesktop.DBus.Error.FileNotFound: Failed to connect to socket /run/user/1000/bus: No such file or directory
[1.334s] DEBUG:colcon.colcon_core.event_reactor:joined thread
[1.335s] INFO:colcon.colcon_core.shell:Creating prefix script '/home/indira/ros2_ws/install/local_setup.ps1'
[1.335s] INFO:colcon.colcon_core.shell:Creating prefix util module '/home/indira/ros2_ws/install/_local_setup_util_ps1.py'
[1.336s] INFO:colcon.colcon_core.shell:Creating prefix chain script '/home/indira/ros2_ws/install/setup.ps1'
[1.337s] INFO:colcon.colcon_core.shell:Creating prefix script '/home/indira/ros2_ws/install/local_setup.sh'
[1.337s] INFO:colcon.colcon_core.shell:Creating prefix util module '/home/indira/ros2_ws/install/_local_setup_util_sh.py'
[1.338s] INFO:colcon.colcon_core.shell:Creating prefix chain script '/home/indira/ros2_ws/install/setup.sh'
[1.339s] INFO:colcon.colcon_core.shell:Creating prefix script '/home/indira/ros2_ws/install/local_setup.bash'
[1.339s] INFO:colcon.colcon_core.shell:Creating prefix chain script '/home/indira/ros2_ws/install/setup.bash'
[1.340s] INFO:colcon.colcon_core.shell:Creating prefix script '/home/indira/ros2_ws/install/local_setup.zsh'
[1.340s] INFO:colcon.colcon_core.shell:Creating prefix chain script '/home/indira/ros2_ws/install/setup.zsh'
