running develop
running egg_info
creating imu_serial_reader.egg-info
writing imu_serial_reader.egg-info/PKG-INFO
writing dependency_links to imu_serial_reader.egg-info/dependency_links.txt
writing entry points to imu_serial_reader.egg-info/entry_points.txt
writing requirements to imu_serial_reader.egg-info/requires.txt
writing top-level names to imu_serial_reader.egg-info/top_level.txt
writing manifest file 'imu_serial_reader.egg-info/SOURCES.txt'
reading manifest file 'imu_serial_reader.egg-info/SOURCES.txt'
writing manifest file 'imu_serial_reader.egg-info/SOURCES.txt'
running build_ext
Creating /home/indira/ros2_ws/install/imu_serial_reader/lib/python3.10/site-packages/imu-serial-reader.egg-link (link to .)
Installing serial_reader_node script to /home/indira/ros2_ws/install/imu_serial_reader/lib/imu_serial_reader

Installed /home/indira/ros2_ws/build/imu_serial_reader
running symlink_data
creating /home/indira/ros2_ws/install/imu_serial_reader/share/ament_index
creating /home/indira/ros2_ws/install/imu_serial_reader/share/ament_index/resource_index
creating /home/indira/ros2_ws/install/imu_serial_reader/share/ament_index/resource_index/packages
symbolically linking /home/indira/ros2_ws/build/imu_serial_reader/resource/imu_serial_reader -> /home/indira/ros2_ws/install/imu_serial_reader/share/ament_index/resource_index/packages
symbolically linking /home/indira/ros2_ws/build/imu_serial_reader/package.xml -> /home/indira/ros2_ws/install/imu_serial_reader/share/imu_serial_reader
