[0.658s] Invoking command in '/home/indira/ros2_ws/build/imu_serial_reader': PYTHONPATH=/home/indira/ros2_ws/build/imu_serial_reader/prefix_override:/usr/lib/python3/dist-packages/colcon_core/task/python/colcon_distutils_commands:/home/indira/ros2_ws/install/imu_serial_reader/lib/python3.10/site-packages:${PYTHONPATH} /usr/bin/python3 -W ignore:setup.py install is deprecated -W ignore:easy_install command is deprecated setup.py develop --editable --build-directory /home/indira/ros2_ws/build/imu_serial_reader/build --no-deps symlink_data
[0.842s] running develop
[0.952s] running egg_info
[0.952s] creating imu_serial_reader.egg-info
[0.953s] writing imu_serial_reader.egg-info/PKG-INFO
[0.953s] writing dependency_links to imu_serial_reader.egg-info/dependency_links.txt
[0.953s] writing entry points to imu_serial_reader.egg-info/entry_points.txt
[0.953s] writing requirements to imu_serial_reader.egg-info/requires.txt
[0.954s] writing top-level names to imu_serial_reader.egg-info/top_level.txt
[0.954s] writing manifest file 'imu_serial_reader.egg-info/SOURCES.txt'
[0.954s] reading manifest file 'imu_serial_reader.egg-info/SOURCES.txt'
[0.955s] writing manifest file 'imu_serial_reader.egg-info/SOURCES.txt'
[0.956s] running build_ext
[0.956s] Creating /home/indira/ros2_ws/install/imu_serial_reader/lib/python3.10/site-packages/imu-serial-reader.egg-link (link to .)
[0.957s] Installing serial_reader_node script to /home/indira/ros2_ws/install/imu_serial_reader/lib/imu_serial_reader
[0.957s] 
[0.957s] Installed /home/indira/ros2_ws/build/imu_serial_reader
[0.958s] running symlink_data
[0.958s] creating /home/indira/ros2_ws/install/imu_serial_reader/share/ament_index
[0.958s] creating /home/indira/ros2_ws/install/imu_serial_reader/share/ament_index/resource_index
[0.958s] creating /home/indira/ros2_ws/install/imu_serial_reader/share/ament_index/resource_index/packages
[0.958s] symbolically linking /home/indira/ros2_ws/build/imu_serial_reader/resource/imu_serial_reader -> /home/indira/ros2_ws/install/imu_serial_reader/share/ament_index/resource_index/packages
[0.958s] symbolically linking /home/indira/ros2_ws/build/imu_serial_reader/package.xml -> /home/indira/ros2_ws/install/imu_serial_reader/share/imu_serial_reader
[0.986s] Invoked command in '/home/indira/ros2_ws/build/imu_serial_reader' returned '0': PYTHONPATH=/home/indira/ros2_ws/build/imu_serial_reader/prefix_override:/usr/lib/python3/dist-packages/colcon_core/task/python/colcon_distutils_commands:/home/indira/ros2_ws/install/imu_serial_reader/lib/python3.10/site-packages:${PYTHONPATH} /usr/bin/python3 -W ignore:setup.py install is deprecated -W ignore:easy_install command is deprecated setup.py develop --editable --build-directory /home/indira/ros2_ws/build/imu_serial_reader/build --no-deps symlink_data
