-- Found ament_cmake: 1.3.11 (/opt/ros/humble/share/ament_cmake/cmake)
-- Override CMake install command with custom implementation using symlinks instead of copying resources
-- Found rclcpp: 16.0.12 (/opt/ros/humble/share/rclcpp/cmake)
-- Found rosidl_generator_c: 3.1.6 (/opt/ros/humble/share/rosidl_generator_c/cmake)
-- Found rosidl_adapter: 3.1.6 (/opt/ros/humble/share/rosidl_adapter/cmake)
-- Found rosidl_generator_cpp: 3.1.6 (/opt/ros/humble/share/rosidl_generator_cpp/cmake)
-- Using all available rosidl_typesupport_c: rosidl_typesupport_fastrtps_c;rosidl_typesupport_introspection_c
-- Using all available rosidl_typesupport_cpp: rosidl_typesupport_fastrtps_cpp;rosidl_typesupport_introspection_cpp
-- Found rmw_implementation_cmake: 6.1.2 (/opt/ros/humble/share/rmw_implementation_cmake/cmake)
-- Found rmw_fastrtps_cpp: 6.2.7 (/opt/ros/humble/share/rmw_fastrtps_cpp/cmake)
-- Using RMW implementation 'rmw_fastrtps_cpp' as default
-- Found sensor_msgs: 4.8.0 (/opt/ros/humble/share/sensor_msgs/cmake)
-- Configuring done
-- Generating done
-- Build files have been written to: /home/indira/ros2_ws/build/pika_spark_bno085_driver
[ 18%] [32mBuilding C object sh2/CMakeFiles/pika-spark-sh2.dir/sh2_util.c.o[0m
[ 18%] [32mBuilding C object sh2/CMakeFiles/pika-spark-sh2.dir/shtp.c.o[0m
[ 27%] [32mBuilding C object sh2/CMakeFiles/pika-spark-sh2.dir/sh2_SensorValue.c.o[0m
[ 36%] [32mBuilding C object sh2/CMakeFiles/pika-spark-sh2.dir/sh2.c.o[0m
[ 45%] [32m[1mLinking C static library libpika-spark-sh2.a[0m
[ 45%] Built target pika-spark-sh2
[ 63%] [32mBuilding CXX object CMakeFiles/pika_spark_bno085_driver_node.dir/src/bno085.cpp.o[0m
[ 63%] [32mBuilding CXX object CMakeFiles/pika_spark_bno085_driver_node.dir/src/main.cpp.o[0m
[ 72%] [32mBuilding CXX object CMakeFiles/pika_spark_bno085_driver_node.dir/src/bno085_hal.cpp.o[0m
[ 81%] [32mBuilding CXX object CMakeFiles/pika_spark_bno085_driver_node.dir/src/gpio-sysfs.cpp.o[0m
[ 90%] [32mBuilding CXX object CMakeFiles/pika_spark_bno085_driver_node.dir/src/spi.cpp.o[0m
[100%] [32m[1mLinking CXX executable pika_spark_bno085_driver_node[0m
[100%] Built target pika_spark_bno085_driver_node
-- Install configuration: ""
-- Execute custom install script
-- Symlinking: /home/indira/ros2_ws/install/pika_spark_bno085_driver/lib/pika_spark_bno085_driver/pika_spark_bno085_driver_node
-- Symlinking: /home/indira/ros2_ws/install/pika_spark_bno085_driver/share/pika_spark_bno085_driver/config/view_imu.rviz
-- Symlinking: /home/indira/ros2_ws/install/pika_spark_bno085_driver/share/pika_spark_bno085_driver/launch/imu.py
-- Symlinking: /home/indira/ros2_ws/install/pika_spark_bno085_driver/share/pika_spark_bno085_driver/launch/rviz2.py
-- Symlinking: /home/indira/ros2_ws/install/pika_spark_bno085_driver/share/ament_index/resource_index/package_run_dependencies/pika_spark_bno085_driver
-- Symlinking: /home/indira/ros2_ws/install/pika_spark_bno085_driver/share/ament_index/resource_index/parent_prefix_path/pika_spark_bno085_driver
-- Symlinking: /home/indira/ros2_ws/install/pika_spark_bno085_driver/share/pika_spark_bno085_driver/environment/ament_prefix_path.sh
-- Symlinking: /home/indira/ros2_ws/install/pika_spark_bno085_driver/share/pika_spark_bno085_driver/environment/ament_prefix_path.dsv
-- Symlinking: /home/indira/ros2_ws/install/pika_spark_bno085_driver/share/pika_spark_bno085_driver/environment/path.sh
-- Symlinking: /home/indira/ros2_ws/install/pika_spark_bno085_driver/share/pika_spark_bno085_driver/environment/path.dsv
-- Symlinking: /home/indira/ros2_ws/install/pika_spark_bno085_driver/share/pika_spark_bno085_driver/local_setup.bash
-- Symlinking: /home/indira/ros2_ws/install/pika_spark_bno085_driver/share/pika_spark_bno085_driver/local_setup.sh
-- Symlinking: /home/indira/ros2_ws/install/pika_spark_bno085_driver/share/pika_spark_bno085_driver/local_setup.zsh
-- Symlinking: /home/indira/ros2_ws/install/pika_spark_bno085_driver/share/pika_spark_bno085_driver/local_setup.dsv
-- Symlinking: /home/indira/ros2_ws/install/pika_spark_bno085_driver/share/pika_spark_bno085_driver/package.dsv
-- Symlinking: /home/indira/ros2_ws/install/pika_spark_bno085_driver/share/ament_index/resource_index/packages/pika_spark_bno085_driver
-- Symlinking: /home/indira/ros2_ws/install/pika_spark_bno085_driver/share/pika_spark_bno085_driver/cmake/pika_spark_bno085_driverConfig.cmake
-- Symlinking: /home/indira/ros2_ws/install/pika_spark_bno085_driver/share/pika_spark_bno085_driver/cmake/pika_spark_bno085_driverConfig-version.cmake
-- Symlinking: /home/indira/ros2_ws/install/pika_spark_bno085_driver/share/pika_spark_bno085_driver/package.xml
