[0.208s] Invoking command in '/home/indira/ros2_ws/build/pika_spark_bno085_driver': CMAKE_PREFIX_PATH=${CMAKE_PREFIX_PATH}:/home/indira/ros2_ws/install/imu_reader:/opt/ros/humble /usr/bin/cmake /home/indira/ros2_ws/src/pika-spark-bno085-driver -DAMENT_CMAKE_SYMLINK_INSTALL=1 -DCMAKE_INSTALL_PREFIX=/home/indira/ros2_ws/install/pika_spark_bno085_driver
[0.217s] -- Found ament_cmake: 1.3.11 (/opt/ros/humble/share/ament_cmake/cmake)
[0.320s] -- Override CMake install command with custom implementation using symlinks instead of copying resources
[0.332s] -- Found rclcpp: 16.0.12 (/opt/ros/humble/share/rclcpp/cmake)
[0.483s] -- Found rosidl_generator_c: 3.1.6 (/opt/ros/humble/share/rosidl_generator_c/cmake)
[0.485s] -- Found rosidl_adapter: 3.1.6 (/opt/ros/humble/share/rosidl_adapter/cmake)
[0.490s] -- Found rosidl_generator_cpp: 3.1.6 (/opt/ros/humble/share/rosidl_generator_cpp/cmake)
[0.497s] -- Using all available rosidl_typesupport_c: rosidl_typesupport_fastrtps_c;rosidl_typesupport_introspection_c
[0.507s] -- Using all available rosidl_typesupport_cpp: rosidl_typesupport_fastrtps_cpp;rosidl_typesupport_introspection_cpp
[0.534s] -- Found rmw_implementation_cmake: 6.1.2 (/opt/ros/humble/share/rmw_implementation_cmake/cmake)
[0.535s] -- Found rmw_fastrtps_cpp: 6.2.7 (/opt/ros/humble/share/rmw_fastrtps_cpp/cmake)
[4.324s] -- Using RMW implementation 'rmw_fastrtps_cpp' as default
[4.361s] -- Found sensor_msgs: 4.8.0 (/opt/ros/humble/share/sensor_msgs/cmake)
[4.437s] -- Configuring done
[4.448s] -- Generating done
[4.452s] -- Build files have been written to: /home/indira/ros2_ws/build/pika_spark_bno085_driver
[4.458s] Invoked command in '/home/indira/ros2_ws/build/pika_spark_bno085_driver' returned '0': CMAKE_PREFIX_PATH=${CMAKE_PREFIX_PATH}:/home/indira/ros2_ws/install/imu_reader:/opt/ros/humble /usr/bin/cmake /home/indira/ros2_ws/src/pika-spark-bno085-driver -DAMENT_CMAKE_SYMLINK_INSTALL=1 -DCMAKE_INSTALL_PREFIX=/home/indira/ros2_ws/install/pika_spark_bno085_driver
[4.460s] Invoking command in '/home/indira/ros2_ws/build/pika_spark_bno085_driver': CMAKE_PREFIX_PATH=${CMAKE_PREFIX_PATH}:/home/indira/ros2_ws/install/imu_reader:/opt/ros/humble /usr/bin/cmake --build /home/indira/ros2_ws/build/pika_spark_bno085_driver -- -j20 -l20
[4.495s] [ 18%] [32mBuilding C object sh2/CMakeFiles/pika-spark-sh2.dir/sh2_util.c.o[0m
[4.496s] [ 18%] [32mBuilding C object sh2/CMakeFiles/pika-spark-sh2.dir/shtp.c.o[0m
[4.496s] [ 27%] [32mBuilding C object sh2/CMakeFiles/pika-spark-sh2.dir/sh2_SensorValue.c.o[0m
[4.501s] [ 36%] [32mBuilding C object sh2/CMakeFiles/pika-spark-sh2.dir/sh2.c.o[0m
[4.578s] [ 45%] [32m[1mLinking C static library libpika-spark-sh2.a[0m
[4.606s] [ 45%] Built target pika-spark-sh2
[4.622s] [ 63%] [32mBuilding CXX object CMakeFiles/pika_spark_bno085_driver_node.dir/src/bno085.cpp.o[0m
[4.622s] [ 63%] [32mBuilding CXX object CMakeFiles/pika_spark_bno085_driver_node.dir/src/main.cpp.o[0m
[4.622s] [ 72%] [32mBuilding CXX object CMakeFiles/pika_spark_bno085_driver_node.dir/src/bno085_hal.cpp.o[0m
[4.623s] [ 81%] [32mBuilding CXX object CMakeFiles/pika_spark_bno085_driver_node.dir/src/gpio-sysfs.cpp.o[0m
[4.626s] [ 90%] [32mBuilding CXX object CMakeFiles/pika_spark_bno085_driver_node.dir/src/spi.cpp.o[0m
[8.336s] [100%] [32m[1mLinking CXX executable pika_spark_bno085_driver_node[0m
[8.562s] [100%] Built target pika_spark_bno085_driver_node
[8.571s] Invoked command in '/home/indira/ros2_ws/build/pika_spark_bno085_driver' returned '0': CMAKE_PREFIX_PATH=${CMAKE_PREFIX_PATH}:/home/indira/ros2_ws/install/imu_reader:/opt/ros/humble /usr/bin/cmake --build /home/indira/ros2_ws/build/pika_spark_bno085_driver -- -j20 -l20
[8.578s] Invoking command in '/home/indira/ros2_ws/build/pika_spark_bno085_driver': CMAKE_PREFIX_PATH=${CMAKE_PREFIX_PATH}:/home/indira/ros2_ws/install/imu_reader:/opt/ros/humble /usr/bin/cmake --install /home/indira/ros2_ws/build/pika_spark_bno085_driver
[8.583s] -- Install configuration: ""
[8.583s] -- Execute custom install script
[8.583s] -- Symlinking: /home/indira/ros2_ws/install/pika_spark_bno085_driver/lib/pika_spark_bno085_driver/pika_spark_bno085_driver_node
[8.590s] -- Symlinking: /home/indira/ros2_ws/install/pika_spark_bno085_driver/share/pika_spark_bno085_driver/config/view_imu.rviz
[8.597s] -- Symlinking: /home/indira/ros2_ws/install/pika_spark_bno085_driver/share/pika_spark_bno085_driver/launch/imu.py
[8.604s] -- Symlinking: /home/indira/ros2_ws/install/pika_spark_bno085_driver/share/pika_spark_bno085_driver/launch/rviz2.py
[8.610s] -- Symlinking: /home/indira/ros2_ws/install/pika_spark_bno085_driver/share/ament_index/resource_index/package_run_dependencies/pika_spark_bno085_driver
[8.617s] -- Symlinking: /home/indira/ros2_ws/install/pika_spark_bno085_driver/share/ament_index/resource_index/parent_prefix_path/pika_spark_bno085_driver
[8.624s] -- Symlinking: /home/indira/ros2_ws/install/pika_spark_bno085_driver/share/pika_spark_bno085_driver/environment/ament_prefix_path.sh
[8.630s] -- Symlinking: /home/indira/ros2_ws/install/pika_spark_bno085_driver/share/pika_spark_bno085_driver/environment/ament_prefix_path.dsv
[8.636s] -- Symlinking: /home/indira/ros2_ws/install/pika_spark_bno085_driver/share/pika_spark_bno085_driver/environment/path.sh
[8.642s] -- Symlinking: /home/indira/ros2_ws/install/pika_spark_bno085_driver/share/pika_spark_bno085_driver/environment/path.dsv
[8.648s] -- Symlinking: /home/indira/ros2_ws/install/pika_spark_bno085_driver/share/pika_spark_bno085_driver/local_setup.bash
[8.655s] -- Symlinking: /home/indira/ros2_ws/install/pika_spark_bno085_driver/share/pika_spark_bno085_driver/local_setup.sh
[8.661s] -- Symlinking: /home/indira/ros2_ws/install/pika_spark_bno085_driver/share/pika_spark_bno085_driver/local_setup.zsh
[8.667s] -- Symlinking: /home/indira/ros2_ws/install/pika_spark_bno085_driver/share/pika_spark_bno085_driver/local_setup.dsv
[8.673s] -- Symlinking: /home/indira/ros2_ws/install/pika_spark_bno085_driver/share/pika_spark_bno085_driver/package.dsv
[8.680s] -- Symlinking: /home/indira/ros2_ws/install/pika_spark_bno085_driver/share/ament_index/resource_index/packages/pika_spark_bno085_driver
[8.686s] -- Symlinking: /home/indira/ros2_ws/install/pika_spark_bno085_driver/share/pika_spark_bno085_driver/cmake/pika_spark_bno085_driverConfig.cmake
[8.692s] -- Symlinking: /home/indira/ros2_ws/install/pika_spark_bno085_driver/share/pika_spark_bno085_driver/cmake/pika_spark_bno085_driverConfig-version.cmake
[8.698s] -- Symlinking: /home/indira/ros2_ws/install/pika_spark_bno085_driver/share/pika_spark_bno085_driver/package.xml
[8.706s] Invoked command in '/home/indira/ros2_ws/build/pika_spark_bno085_driver' returned '0': CMAKE_PREFIX_PATH=${CMAKE_PREFIX_PATH}:/home/indira/ros2_ws/install/imu_reader:/opt/ros/humble /usr/bin/cmake --install /home/indira/ros2_ws/build/pika_spark_bno085_driver
