[0.269s] DEBUG:colcon:Command line arguments: ['/usr/bin/colcon', 'build', '--symlink-install']
[0.269s] DEBUG:colcon:Parsed command line arguments: Namespace(log_base=None, log_level=None, verb_name='build', build_base='build', install_base='install', merge_install=False, symlink_install=True, test_result_base=None, continue_on_error=False, executor='parallel', parallel_workers=20, event_handlers=None, ignore_user_meta=False, metas=['./colcon.meta'], base_paths=['.'], packages_ignore=None, packages_ignore_regex=None, paths=None, packages_up_to=None, packages_up_to_regex=None, packages_above=None, packages_above_and_dependencies=None, packages_above_depth=None, packages_select_by_dep=None, packages_skip_by_dep=None, packages_skip_up_to=None, packages_select_build_failed=False, packages_skip_build_finished=False, packages_select_test_failures=False, packages_skip_test_passed=False, packages_select=None, packages_skip=None, packages_select_regex=None, packages_skip_regex=None, packages_start=None, packages_end=None, allow_overriding=[], cmake_args=None, cmake_target=None, cmake_target_skip_unavailable=False, cmake_clean_cache=False, cmake_clean_first=False, cmake_force_configure=False, ament_cmake_args=None, catkin_cmake_args=None, catkin_skip_building_tests=False, verb_parser=<colcon_defaults.argument_parser.defaults.DefaultArgumentsDecorator object at 0x7efd9ea5cc70>, verb_extension=<colcon_core.verb.build.BuildVerb object at 0x7efd9ebd1840>, main=<bound method BuildVerb.main of <colcon_core.verb.build.BuildVerb object at 0x7efd9ebd1840>>)
[0.432s] Level 1:colcon.colcon_core.package_discovery:discover_packages(colcon_meta) check parameters
[0.432s] Level 1:colcon.colcon_core.package_discovery:discover_packages(recursive) check parameters
[0.432s] Level 1:colcon.colcon_core.package_discovery:discover_packages(ignore) check parameters
[0.432s] Level 1:colcon.colcon_core.package_discovery:discover_packages(path) check parameters
[0.432s] Level 1:colcon.colcon_core.package_discovery:discover_packages(colcon_meta) discover
[0.432s] Level 1:colcon.colcon_core.package_discovery:discover_packages(recursive) discover
[0.432s] INFO:colcon.colcon_core.package_discovery:Crawling recursively for packages in '/home/indira/ros2_ws'
[0.432s] Level 1:colcon.colcon_core.package_identification:_identify(.) by extensions ['ignore', 'ignore_ament_install']
[0.432s] Level 1:colcon.colcon_core.package_identification:_identify(.) by extension 'ignore'
[0.432s] Level 1:colcon.colcon_core.package_identification:_identify(.) by extension 'ignore_ament_install'
[0.432s] Level 1:colcon.colcon_core.package_identification:_identify(.) by extensions ['colcon_pkg']
[0.432s] Level 1:colcon.colcon_core.package_identification:_identify(.) by extension 'colcon_pkg'
[0.432s] Level 1:colcon.colcon_core.package_identification:_identify(.) by extensions ['colcon_meta']
[0.432s] Level 1:colcon.colcon_core.package_identification:_identify(.) by extension 'colcon_meta'
[0.432s] Level 1:colcon.colcon_core.package_identification:_identify(.) by extensions ['ros']
[0.432s] Level 1:colcon.colcon_core.package_identification:_identify(.) by extension 'ros'
[0.443s] Level 1:colcon.colcon_core.package_identification:_identify(.) by extensions ['cmake', 'python']
[0.443s] Level 1:colcon.colcon_core.package_identification:_identify(.) by extension 'cmake'
[0.443s] Level 1:colcon.colcon_core.package_identification:_identify(.) by extension 'python'
[0.443s] Level 1:colcon.colcon_core.package_identification:_identify(.) by extensions ['python_setup_py']
[0.443s] Level 1:colcon.colcon_core.package_identification:_identify(.) by extension 'python_setup_py'
[0.443s] Level 1:colcon.colcon_core.package_identification:_identify(build) by extensions ['ignore', 'ignore_ament_install']
[0.443s] Level 1:colcon.colcon_core.package_identification:_identify(build) by extension 'ignore'
[0.443s] Level 1:colcon.colcon_core.package_identification:_identify(build) ignored
[0.443s] Level 1:colcon.colcon_core.package_identification:_identify(install) by extensions ['ignore', 'ignore_ament_install']
[0.443s] Level 1:colcon.colcon_core.package_identification:_identify(install) by extension 'ignore'
[0.443s] Level 1:colcon.colcon_core.package_identification:_identify(install) ignored
[0.443s] Level 1:colcon.colcon_core.package_identification:_identify(log) by extensions ['ignore', 'ignore_ament_install']
[0.443s] Level 1:colcon.colcon_core.package_identification:_identify(log) by extension 'ignore'
[0.443s] Level 1:colcon.colcon_core.package_identification:_identify(log) ignored
[0.444s] Level 1:colcon.colcon_core.package_identification:_identify(src) by extensions ['ignore', 'ignore_ament_install']
[0.444s] Level 1:colcon.colcon_core.package_identification:_identify(src) by extension 'ignore'
[0.444s] Level 1:colcon.colcon_core.package_identification:_identify(src) by extension 'ignore_ament_install'
[0.444s] Level 1:colcon.colcon_core.package_identification:_identify(src) by extensions ['colcon_pkg']
[0.444s] Level 1:colcon.colcon_core.package_identification:_identify(src) by extension 'colcon_pkg'
[0.444s] Level 1:colcon.colcon_core.package_identification:_identify(src) by extensions ['colcon_meta']
[0.444s] Level 1:colcon.colcon_core.package_identification:_identify(src) by extension 'colcon_meta'
[0.445s] Level 1:colcon.colcon_core.package_identification:_identify(src) by extensions ['ros']
[0.445s] Level 1:colcon.colcon_core.package_identification:_identify(src) by extension 'ros'
[0.445s] Level 1:colcon.colcon_core.package_identification:_identify(src) by extensions ['cmake', 'python']
[0.445s] Level 1:colcon.colcon_core.package_identification:_identify(src) by extension 'cmake'
[0.445s] Level 1:colcon.colcon_core.package_identification:_identify(src) by extension 'python'
[0.445s] Level 1:colcon.colcon_core.package_identification:_identify(src) by extensions ['python_setup_py']
[0.445s] Level 1:colcon.colcon_core.package_identification:_identify(src) by extension 'python_setup_py'
[0.445s] Level 1:colcon.colcon_core.package_identification:_identify(src/imu_reader) by extensions ['ignore', 'ignore_ament_install']
[0.446s] Level 1:colcon.colcon_core.package_identification:_identify(src/imu_reader) by extension 'ignore'
[0.446s] Level 1:colcon.colcon_core.package_identification:_identify(src/imu_reader) by extension 'ignore_ament_install'
[0.446s] Level 1:colcon.colcon_core.package_identification:_identify(src/imu_reader) by extensions ['colcon_pkg']
[0.446s] Level 1:colcon.colcon_core.package_identification:_identify(src/imu_reader) by extension 'colcon_pkg'
[0.446s] Level 1:colcon.colcon_core.package_identification:_identify(src/imu_reader) by extensions ['colcon_meta']
[0.446s] Level 1:colcon.colcon_core.package_identification:_identify(src/imu_reader) by extension 'colcon_meta'
[0.446s] Level 1:colcon.colcon_core.package_identification:_identify(src/imu_reader) by extensions ['ros']
[0.446s] Level 1:colcon.colcon_core.package_identification:_identify(src/imu_reader) by extension 'ros'
[0.448s] DEBUG:colcon.colcon_core.package_identification:Package 'src/imu_reader' with type 'ros.ament_python' and name 'imu_reader'
[0.448s] Level 1:colcon.colcon_core.package_identification:_identify(src/imu_serial_reader) by extensions ['ignore', 'ignore_ament_install']
[0.448s] Level 1:colcon.colcon_core.package_identification:_identify(src/imu_serial_reader) by extension 'ignore'
[0.448s] Level 1:colcon.colcon_core.package_identification:_identify(src/imu_serial_reader) by extension 'ignore_ament_install'
[0.448s] Level 1:colcon.colcon_core.package_identification:_identify(src/imu_serial_reader) by extensions ['colcon_pkg']
[0.448s] Level 1:colcon.colcon_core.package_identification:_identify(src/imu_serial_reader) by extension 'colcon_pkg'
[0.448s] Level 1:colcon.colcon_core.package_identification:_identify(src/imu_serial_reader) by extensions ['colcon_meta']
[0.448s] Level 1:colcon.colcon_core.package_identification:_identify(src/imu_serial_reader) by extension 'colcon_meta'
[0.448s] Level 1:colcon.colcon_core.package_identification:_identify(src/imu_serial_reader) by extensions ['ros']
[0.448s] Level 1:colcon.colcon_core.package_identification:_identify(src/imu_serial_reader) by extension 'ros'
[0.449s] DEBUG:colcon.colcon_core.package_identification:Package 'src/imu_serial_reader' with type 'ros.ament_python' and name 'imu_serial_reader'
[0.449s] Level 1:colcon.colcon_core.package_discovery:discover_packages(recursive) using defaults
[0.449s] Level 1:colcon.colcon_core.package_discovery:discover_packages(ignore) discover
[0.449s] Level 1:colcon.colcon_core.package_discovery:discover_packages(ignore) using defaults
[0.449s] Level 1:colcon.colcon_core.package_discovery:discover_packages(path) discover
[0.449s] Level 1:colcon.colcon_core.package_discovery:discover_packages(path) using defaults
[0.475s] Level 1:colcon.colcon_core.package_discovery:discover_packages(prefix_path) check parameters
[0.475s] Level 1:colcon.colcon_core.package_discovery:discover_packages(prefix_path) discover
[0.479s] DEBUG:colcon.colcon_installed_package_information.package_discovery:Found 3 installed packages in /home/indira/ros2_ws/install
[0.479s] DEBUG:colcon.colcon_installed_package_information.package_discovery:Found 1 installed packages in /home/indira/micro-ROS-Agent/install
[0.479s] DEBUG:colcon.colcon_installed_package_information.package_discovery:Found 273 installed packages in /opt/ros/humble
[0.480s] Level 1:colcon.colcon_core.package_discovery:discover_packages(prefix_path) using defaults
[0.504s] Level 5:colcon.colcon_core.verb:set package 'imu_reader' build argument 'cmake_args' from command line to 'None'
[0.504s] Level 5:colcon.colcon_core.verb:set package 'imu_reader' build argument 'cmake_target' from command line to 'None'
[0.504s] Level 5:colcon.colcon_core.verb:set package 'imu_reader' build argument 'cmake_target_skip_unavailable' from command line to 'False'
[0.504s] Level 5:colcon.colcon_core.verb:set package 'imu_reader' build argument 'cmake_clean_cache' from command line to 'False'
[0.504s] Level 5:colcon.colcon_core.verb:set package 'imu_reader' build argument 'cmake_clean_first' from command line to 'False'
[0.504s] Level 5:colcon.colcon_core.verb:set package 'imu_reader' build argument 'cmake_force_configure' from command line to 'False'
[0.504s] Level 5:colcon.colcon_core.verb:set package 'imu_reader' build argument 'ament_cmake_args' from command line to 'None'
[0.504s] Level 5:colcon.colcon_core.verb:set package 'imu_reader' build argument 'catkin_cmake_args' from command line to 'None'
[0.504s] Level 5:colcon.colcon_core.verb:set package 'imu_reader' build argument 'catkin_skip_building_tests' from command line to 'False'
[0.504s] DEBUG:colcon.colcon_core.verb:Building package 'imu_reader' with the following arguments: {'ament_cmake_args': None, 'build_base': '/home/indira/ros2_ws/build/imu_reader', 'catkin_cmake_args': None, 'catkin_skip_building_tests': False, 'cmake_args': None, 'cmake_clean_cache': False, 'cmake_clean_first': False, 'cmake_force_configure': False, 'cmake_target': None, 'cmake_target_skip_unavailable': False, 'install_base': '/home/indira/ros2_ws/install/imu_reader', 'merge_install': False, 'path': '/home/indira/ros2_ws/src/imu_reader', 'symlink_install': True, 'test_result_base': None}
[0.505s] Level 5:colcon.colcon_core.verb:set package 'imu_serial_reader' build argument 'cmake_args' from command line to 'None'
[0.505s] Level 5:colcon.colcon_core.verb:set package 'imu_serial_reader' build argument 'cmake_target' from command line to 'None'
[0.505s] Level 5:colcon.colcon_core.verb:set package 'imu_serial_reader' build argument 'cmake_target_skip_unavailable' from command line to 'False'
[0.505s] Level 5:colcon.colcon_core.verb:set package 'imu_serial_reader' build argument 'cmake_clean_cache' from command line to 'False'
[0.505s] Level 5:colcon.colcon_core.verb:set package 'imu_serial_reader' build argument 'cmake_clean_first' from command line to 'False'
[0.505s] Level 5:colcon.colcon_core.verb:set package 'imu_serial_reader' build argument 'cmake_force_configure' from command line to 'False'
[0.505s] Level 5:colcon.colcon_core.verb:set package 'imu_serial_reader' build argument 'ament_cmake_args' from command line to 'None'
[0.505s] Level 5:colcon.colcon_core.verb:set package 'imu_serial_reader' build argument 'catkin_cmake_args' from command line to 'None'
[0.505s] Level 5:colcon.colcon_core.verb:set package 'imu_serial_reader' build argument 'catkin_skip_building_tests' from command line to 'False'
[0.505s] DEBUG:colcon.colcon_core.verb:Building package 'imu_serial_reader' with the following arguments: {'ament_cmake_args': None, 'build_base': '/home/indira/ros2_ws/build/imu_serial_reader', 'catkin_cmake_args': None, 'catkin_skip_building_tests': False, 'cmake_args': None, 'cmake_clean_cache': False, 'cmake_clean_first': False, 'cmake_force_configure': False, 'cmake_target': None, 'cmake_target_skip_unavailable': False, 'install_base': '/home/indira/ros2_ws/install/imu_serial_reader', 'merge_install': False, 'path': '/home/indira/ros2_ws/src/imu_serial_reader', 'symlink_install': True, 'test_result_base': None}
[0.505s] INFO:colcon.colcon_core.executor:Executing jobs using 'parallel' executor
[0.506s] DEBUG:colcon.colcon_parallel_executor.executor.parallel:run_until_complete
[0.506s] INFO:colcon.colcon_ros.task.ament_python.build:Building ROS package in '/home/indira/ros2_ws/src/imu_reader' with build type 'ament_python'
[0.506s] Level 1:colcon.colcon_core.shell:create_environment_hook('imu_reader', 'ament_prefix_path')
[0.511s] INFO:colcon.colcon_core.plugin_system:Skipping extension 'colcon_core.shell.bat': Not used on non-Windows systems
[0.511s] INFO:colcon.colcon_core.shell:Creating environment hook '/home/indira/ros2_ws/install/imu_reader/share/imu_reader/hook/ament_prefix_path.ps1'
[0.512s] INFO:colcon.colcon_core.shell:Creating environment descriptor '/home/indira/ros2_ws/install/imu_reader/share/imu_reader/hook/ament_prefix_path.dsv'
[0.512s] INFO:colcon.colcon_core.shell:Creating environment hook '/home/indira/ros2_ws/install/imu_reader/share/imu_reader/hook/ament_prefix_path.sh'
[0.513s] INFO:colcon.colcon_core.shell:Skip shell extension 'powershell' for command environment: Not usable outside of PowerShell
[0.513s] DEBUG:colcon.colcon_core.shell:Skip shell extension 'dsv' for command environment
[0.516s] INFO:colcon.colcon_ros.task.ament_python.build:Building ROS package in '/home/indira/ros2_ws/src/imu_serial_reader' with build type 'ament_python'
[0.516s] Level 1:colcon.colcon_core.shell:create_environment_hook('imu_serial_reader', 'ament_prefix_path')
[0.516s] INFO:colcon.colcon_core.shell:Creating environment hook '/home/indira/ros2_ws/install/imu_serial_reader/share/imu_serial_reader/hook/ament_prefix_path.ps1'
[0.516s] INFO:colcon.colcon_core.shell:Creating environment descriptor '/home/indira/ros2_ws/install/imu_serial_reader/share/imu_serial_reader/hook/ament_prefix_path.dsv'
[0.517s] INFO:colcon.colcon_core.shell:Creating environment hook '/home/indira/ros2_ws/install/imu_serial_reader/share/imu_serial_reader/hook/ament_prefix_path.sh'
[0.517s] INFO:colcon.colcon_core.shell:Skip shell extension 'powershell' for command environment: Not usable outside of PowerShell
[0.517s] DEBUG:colcon.colcon_core.shell:Skip shell extension 'dsv' for command environment
[0.692s] INFO:colcon.colcon_core.task.python.build:Building Python package in '/home/indira/ros2_ws/src/imu_reader'
[0.693s] INFO:colcon.colcon_core.shell:Skip shell extension 'powershell' for command environment: Not usable outside of PowerShell
[0.693s] DEBUG:colcon.colcon_core.shell:Skip shell extension 'dsv' for command environment
[0.843s] INFO:colcon.colcon_core.task.python.build:Building Python package in '/home/indira/ros2_ws/src/imu_serial_reader'
[0.843s] INFO:colcon.colcon_core.shell:Skip shell extension 'powershell' for command environment: Not usable outside of PowerShell
[0.843s] DEBUG:colcon.colcon_core.shell:Skip shell extension 'dsv' for command environment
[1.134s] DEBUG:colcon.colcon_core.event_handler.log_command:Invoking command in '/home/indira/ros2_ws/build/imu_reader': PYTHONPATH=/home/indira/ros2_ws/build/imu_reader/prefix_override:/usr/lib/python3/dist-packages/colcon_core/task/python/colcon_distutils_commands:/home/indira/ros2_ws/install/imu_reader/lib/python3.10/site-packages:${PYTHONPATH} /usr/bin/python3 -W ignore:setup.py install is deprecated -W ignore:easy_install command is deprecated setup.py develop --editable --build-directory /home/indira/ros2_ws/build/imu_reader/build --no-deps symlink_data
[1.138s] DEBUG:colcon.colcon_core.event_handler.log_command:Invoking command in '/home/indira/ros2_ws/build/imu_serial_reader': PYTHONPATH=/home/indira/ros2_ws/build/imu_serial_reader/prefix_override:/usr/lib/python3/dist-packages/colcon_core/task/python/colcon_distutils_commands:/home/indira/ros2_ws/install/imu_serial_reader/lib/python3.10/site-packages:${PYTHONPATH} /usr/bin/python3 -W ignore:setup.py install is deprecated -W ignore:easy_install command is deprecated setup.py develop --editable --build-directory /home/indira/ros2_ws/build/imu_serial_reader/build --no-deps symlink_data
[1.387s] Level 1:colcon.colcon_core.shell:create_environment_hook('imu_reader', 'pythonpath_develop')
[1.388s] INFO:colcon.colcon_core.shell:Creating environment hook '/home/indira/ros2_ws/build/imu_reader/share/imu_reader/hook/pythonpath_develop.ps1'
[1.388s] DEBUG:colcon.colcon_core.event_handler.log_command:Invoked command in '/home/indira/ros2_ws/build/imu_reader' returned '0': PYTHONPATH=/home/indira/ros2_ws/build/imu_reader/prefix_override:/usr/lib/python3/dist-packages/colcon_core/task/python/colcon_distutils_commands:/home/indira/ros2_ws/install/imu_reader/lib/python3.10/site-packages:${PYTHONPATH} /usr/bin/python3 -W ignore:setup.py install is deprecated -W ignore:easy_install command is deprecated setup.py develop --editable --build-directory /home/indira/ros2_ws/build/imu_reader/build --no-deps symlink_data
[1.388s] INFO:colcon.colcon_core.shell:Creating environment descriptor '/home/indira/ros2_ws/build/imu_reader/share/imu_reader/hook/pythonpath_develop.dsv'
[1.389s] INFO:colcon.colcon_core.shell:Creating environment hook '/home/indira/ros2_ws/build/imu_reader/share/imu_reader/hook/pythonpath_develop.sh'
[1.398s] Level 1:colcon.colcon_core.environment:checking '/home/indira/ros2_ws/install/imu_reader' for CMake module files
[1.399s] Level 1:colcon.colcon_core.environment:checking '/home/indira/ros2_ws/install/imu_reader' for CMake config files
[1.399s] Level 1:colcon.colcon_core.environment:checking '/home/indira/ros2_ws/install/imu_reader/lib'
[1.399s] Level 1:colcon.colcon_core.environment:checking '/home/indira/ros2_ws/install/imu_reader/bin'
[1.399s] Level 1:colcon.colcon_core.environment:checking '/home/indira/ros2_ws/install/imu_reader/lib/pkgconfig/imu_reader.pc'
[1.399s] Level 1:colcon.colcon_core.environment:checking '/home/indira/ros2_ws/install/imu_reader/lib/python3.10/site-packages'
[1.399s] Level 1:colcon.colcon_core.shell:create_environment_hook('imu_reader', 'pythonpath')
[1.399s] INFO:colcon.colcon_core.shell:Creating environment hook '/home/indira/ros2_ws/install/imu_reader/share/imu_reader/hook/pythonpath.ps1'
[1.400s] INFO:colcon.colcon_core.shell:Creating environment descriptor '/home/indira/ros2_ws/install/imu_reader/share/imu_reader/hook/pythonpath.dsv'
[1.400s] INFO:colcon.colcon_core.shell:Creating environment hook '/home/indira/ros2_ws/install/imu_reader/share/imu_reader/hook/pythonpath.sh'
[1.400s] Level 1:colcon.colcon_core.environment:checking '/home/indira/ros2_ws/install/imu_reader/bin'
[1.400s] Level 1:colcon.colcon_core.environment:create_environment_scripts_only(imu_reader)
[1.400s] INFO:colcon.colcon_core.shell:Creating package script '/home/indira/ros2_ws/install/imu_reader/share/imu_reader/package.ps1'
[1.401s] INFO:colcon.colcon_core.shell:Creating package descriptor '/home/indira/ros2_ws/install/imu_reader/share/imu_reader/package.dsv'
[1.402s] INFO:colcon.colcon_core.shell:Creating package script '/home/indira/ros2_ws/install/imu_reader/share/imu_reader/package.sh'
[1.402s] INFO:colcon.colcon_core.shell:Creating package script '/home/indira/ros2_ws/install/imu_reader/share/imu_reader/package.bash'
[1.403s] INFO:colcon.colcon_core.shell:Creating package script '/home/indira/ros2_ws/install/imu_reader/share/imu_reader/package.zsh'
[1.404s] Level 1:colcon.colcon_core.environment:create_file_with_runtime_dependencies(/home/indira/ros2_ws/install/imu_reader/share/colcon-core/packages/imu_reader)
[1.406s] Level 1:colcon.colcon_core.shell:create_environment_hook('imu_serial_reader', 'pythonpath_develop')
[1.406s] INFO:colcon.colcon_core.shell:Creating environment hook '/home/indira/ros2_ws/build/imu_serial_reader/share/imu_serial_reader/hook/pythonpath_develop.ps1'
[1.406s] DEBUG:colcon.colcon_core.event_handler.log_command:Invoked command in '/home/indira/ros2_ws/build/imu_serial_reader' returned '0': PYTHONPATH=/home/indira/ros2_ws/build/imu_serial_reader/prefix_override:/usr/lib/python3/dist-packages/colcon_core/task/python/colcon_distutils_commands:/home/indira/ros2_ws/install/imu_serial_reader/lib/python3.10/site-packages:${PYTHONPATH} /usr/bin/python3 -W ignore:setup.py install is deprecated -W ignore:easy_install command is deprecated setup.py develop --editable --build-directory /home/indira/ros2_ws/build/imu_serial_reader/build --no-deps symlink_data
[1.406s] INFO:colcon.colcon_core.shell:Creating environment descriptor '/home/indira/ros2_ws/build/imu_serial_reader/share/imu_serial_reader/hook/pythonpath_develop.dsv'
[1.407s] INFO:colcon.colcon_core.shell:Creating environment hook '/home/indira/ros2_ws/build/imu_serial_reader/share/imu_serial_reader/hook/pythonpath_develop.sh'
[1.407s] Level 1:colcon.colcon_core.environment:checking '/home/indira/ros2_ws/install/imu_serial_reader' for CMake module files
[1.407s] Level 1:colcon.colcon_core.environment:checking '/home/indira/ros2_ws/install/imu_serial_reader' for CMake config files
[1.407s] Level 1:colcon.colcon_core.environment:checking '/home/indira/ros2_ws/install/imu_serial_reader/lib'
[1.408s] Level 1:colcon.colcon_core.environment:checking '/home/indira/ros2_ws/install/imu_serial_reader/bin'
[1.408s] Level 1:colcon.colcon_core.environment:checking '/home/indira/ros2_ws/install/imu_serial_reader/lib/pkgconfig/imu_serial_reader.pc'
[1.408s] Level 1:colcon.colcon_core.environment:checking '/home/indira/ros2_ws/install/imu_serial_reader/lib/python3.10/site-packages'
[1.408s] Level 1:colcon.colcon_core.shell:create_environment_hook('imu_serial_reader', 'pythonpath')
[1.408s] INFO:colcon.colcon_core.shell:Creating environment hook '/home/indira/ros2_ws/install/imu_serial_reader/share/imu_serial_reader/hook/pythonpath.ps1'
[1.408s] INFO:colcon.colcon_core.shell:Creating environment descriptor '/home/indira/ros2_ws/install/imu_serial_reader/share/imu_serial_reader/hook/pythonpath.dsv'
[1.409s] INFO:colcon.colcon_core.shell:Creating environment hook '/home/indira/ros2_ws/install/imu_serial_reader/share/imu_serial_reader/hook/pythonpath.sh'
[1.409s] Level 1:colcon.colcon_core.environment:checking '/home/indira/ros2_ws/install/imu_serial_reader/bin'
[1.409s] Level 1:colcon.colcon_core.environment:create_environment_scripts_only(imu_serial_reader)
[1.409s] INFO:colcon.colcon_core.shell:Creating package script '/home/indira/ros2_ws/install/imu_serial_reader/share/imu_serial_reader/package.ps1'
[1.410s] INFO:colcon.colcon_core.shell:Creating package descriptor '/home/indira/ros2_ws/install/imu_serial_reader/share/imu_serial_reader/package.dsv'
[1.410s] INFO:colcon.colcon_core.shell:Creating package script '/home/indira/ros2_ws/install/imu_serial_reader/share/imu_serial_reader/package.sh'
[1.410s] INFO:colcon.colcon_core.shell:Creating package script '/home/indira/ros2_ws/install/imu_serial_reader/share/imu_serial_reader/package.bash'
[1.410s] INFO:colcon.colcon_core.shell:Creating package script '/home/indira/ros2_ws/install/imu_serial_reader/share/imu_serial_reader/package.zsh'
[1.411s] Level 1:colcon.colcon_core.environment:create_file_with_runtime_dependencies(/home/indira/ros2_ws/install/imu_serial_reader/share/colcon-core/packages/imu_serial_reader)
[1.411s] DEBUG:colcon.colcon_parallel_executor.executor.parallel:closing loop
[1.411s] DEBUG:colcon.colcon_parallel_executor.executor.parallel:loop closed
[1.411s] DEBUG:colcon.colcon_parallel_executor.executor.parallel:run_until_complete finished with '0'
[1.411s] DEBUG:colcon.colcon_core.event_reactor:joining thread
[1.436s] INFO:colcon.colcon_core.plugin_system:Skipping extension 'colcon_notification.desktop_notification.notify_send': Could not find 'notify-send'
[1.436s] INFO:colcon.colcon_core.plugin_system:Skipping extension 'colcon_notification.desktop_notification.terminal_notifier': Not used on non-Darwin systems
[1.436s] INFO:colcon.colcon_core.plugin_system:Skipping extension 'colcon_notification.desktop_notification.win32': Not used on non-Windows systems
[1.436s] INFO:colcon.colcon_notification.desktop_notification:Sending desktop notification using 'notify2'
[1.436s] DEBUG:colcon.colcon_notification.desktop_notification.notify2:Failed to initialize notify2: org.freedesktop.DBus.Error.FileNotFound: Failed to connect to socket /run/user/1000/bus: No such file or directory
[1.436s] DEBUG:colcon.colcon_core.event_reactor:joined thread
[1.437s] INFO:colcon.colcon_core.shell:Creating prefix script '/home/indira/ros2_ws/install/local_setup.ps1'
[1.438s] INFO:colcon.colcon_core.shell:Creating prefix util module '/home/indira/ros2_ws/install/_local_setup_util_ps1.py'
[1.439s] INFO:colcon.colcon_core.shell:Creating prefix chain script '/home/indira/ros2_ws/install/setup.ps1'
[1.440s] INFO:colcon.colcon_core.shell:Creating prefix script '/home/indira/ros2_ws/install/local_setup.sh'
[1.440s] INFO:colcon.colcon_core.shell:Creating prefix util module '/home/indira/ros2_ws/install/_local_setup_util_sh.py'
[1.441s] INFO:colcon.colcon_core.shell:Creating prefix chain script '/home/indira/ros2_ws/install/setup.sh'
[1.442s] INFO:colcon.colcon_core.shell:Creating prefix script '/home/indira/ros2_ws/install/local_setup.bash'
[1.442s] INFO:colcon.colcon_core.shell:Creating prefix chain script '/home/indira/ros2_ws/install/setup.bash'
[1.443s] INFO:colcon.colcon_core.shell:Creating prefix script '/home/indira/ros2_ws/install/local_setup.zsh'
[1.444s] INFO:colcon.colcon_core.shell:Creating prefix chain script '/home/indira/ros2_ws/install/setup.zsh'
